#
# There is insufficient memory for the Java Runtime Environment to continue.
# Native memory allocation (malloc) failed to allocate 32744 bytes for ChunkPool::allocate
# Possible reasons:
#   The system is out of physical RAM or swap space
#   In 32 bit mode, the process size limit was hit
# Possible solutions:
#   Reduce memory load on the system
#   Increase physical memory or swap space
#   Check if swap backing store is full
#   Use 64 bit Java on a 64 bit OS
#   Decrease Java heap size (-Xmx/-Xms)
#   Decrease number of Java threads
#   Decrease Java thread stack sizes (-Xss)
#   Set larger code cache with -XX:ReservedCodeCacheSize=
# This output file may be truncated or incomplete.
#
#  Out of Memory Error (allocation.cpp:273), pid=73248, tid=0x000000000001183c
#
# JRE version: Java(TM) SE Runtime Environment (8.0_144-b01) (build 1.8.0_144-b01)
# Java VM: Java HotSpot(TM) 64-Bit Server VM (25.144-b01 mixed mode windows-amd64 compressed oops)
# Failed to write core dump. Minidumps are not enabled by default on client versions of Windows
#

---------------  T H R E A D  ---------------

Current thread (0x000000005792b000):  JavaThread "C2 CompilerThread1" daemon [_thread_in_native, id=71740, stack(0x00000000582c0000,0x00000000583c0000)]

Stack: [0x00000000582c0000,0x00000000583c0000]
[error occurred during error reporting (printing stack bounds), id 0xc0000005]

Native frames: (J=compiled Java code, j=interpreted, Vv=VM code, C=native code)


Current CompileTask:
C2:245155109 11325   !   4       org.springframework.core.type.filter.AbstractTypeHierarchyTraversingFilter::match (281 bytes)


---------------  P R O C E S S  ---------------

Java Threads: ( => current thread )
  0x0000000059864800 JavaThread "restartedMain" [_thread_in_Java, id=54560, stack(0x0000000060d10000,0x0000000060e10000)]
  0x000000005a1c2000 JavaThread "Thread-46" [_thread_blocked, id=209504, stack(0x0000000062300000,0x0000000062400000)]
  0x0000000059862000 JavaThread "File Watcher" daemon [_thread_blocked, id=86392, stack(0x0000000060300000,0x0000000060400000)]
  0x0000000059866800 JavaThread "File Watcher" daemon [_thread_blocked, id=59380, stack(0x0000000058430000,0x0000000058530000)]
  0x000000005a1c2800 JavaThread "DestroyJavaVM" [_thread_blocked, id=75108, stack(0x0000000002640000,0x0000000002740000)]
  0x0000000059865000 JavaThread "Live Reload Server" daemon [_thread_in_native, id=74296, stack(0x0000000060ec0000,0x0000000060fc0000)]
  0x0000000059863000 JavaThread "mysql-cj-abandoned-connection-cleanup" daemon [_thread_blocked, id=76176, stack(0x000000005ffc0000,0x00000000600c0000)]
  0x000000005799e800 JavaThread "Service Thread" daemon [_thread_blocked, id=73508, stack(0x0000000058560000,0x0000000058660000)]
  0x000000005792d000 JavaThread "C1 CompilerThread2" daemon [_thread_blocked, id=72820, stack(0x0000000057d20000,0x0000000057e20000)]
=>0x000000005792b000 JavaThread "C2 CompilerThread1" daemon [_thread_in_native, id=71740, stack(0x00000000582c0000,0x00000000583c0000)]
  0x0000000057925800 JavaThread "C2 CompilerThread0" daemon [_thread_in_native, id=77792, stack(0x0000000058190000,0x0000000058290000)]
  0x0000000057921800 JavaThread "Attach Listener" daemon [_thread_blocked, id=71696, stack(0x0000000057f70000,0x0000000058070000)]
  0x0000000057920800 JavaThread "Signal Dispatcher" daemon [_thread_blocked, id=77536, stack(0x0000000057e60000,0x0000000057f60000)]
  0x00000000563d1800 JavaThread "Finalizer" daemon [_thread_blocked, id=74428, stack(0x0000000057820000,0x0000000057920000)]
  0x0000000056389000 JavaThread "Reference Handler" daemon [_thread_blocked, id=73252, stack(0x00000000576a0000,0x00000000577a0000)]

Other Threads:
  0x0000000056381800 VMThread [stack: 0x00000000574c0000,0x00000000575c0000] [id=72636]
  0x00000000579ca000 WatcherThread [stack: 0x0000000058690000,0x0000000058790000] [id=74344]

VM state:not at safepoint (normal execution)

VM Mutex/Monitor currently owned by a thread: None

Heap:
 PSYoungGen      total 29184K, used 10304K [0x00000000e0000000, 0x00000000ef780000, 0x0000000100000000)
  eden space 28160K, 32% used [0x00000000e0000000,0x00000000e0910368,0x00000000e1b80000)
  from space 1024K, 100% used [0x00000000ef680000,0x00000000ef780000,0x00000000ef780000)
  to   space 1536K, 0% used [0x00000000ef480000,0x00000000ef480000,0x00000000ef600000)
 ParOldGen       total 82432K, used 32167K [0x00000000a0000000, 0x00000000a5080000, 0x00000000e0000000)
  object space 82432K, 39% used [0x00000000a0000000,0x00000000a1f69e00,0x00000000a5080000)
 Metaspace       used 66593K, capacity 70225K, committed 71088K, reserved 1112064K
  class space    used 8600K, capacity 9246K, committed 9392K, reserved 1048576K

Card table byte_map: [0x0000000011dd0000,0x00000000120e0000] byte_map_base: 0x00000000118d0000

Marking Bits: (ParMarkBitMap*) 0x000000006cd0d850
 Begin Bits: [0x00000000126f0000, 0x0000000013ef0000)
 End Bits:   [0x0000000013ef0000, 0x00000000156f0000)

Polling page: 0x0000000000220000

CodeCache: size=245760Kb used=33166Kb max_used=33433Kb free=212593Kb
 bounds [0x0000000002a10000, 0x0000000004b20000, 0x0000000011a10000]
 total_blobs=9777 nmethods=9213 adapters=476
 compilation: enabled

Compilation events (10 events):
Event: 245154.982 Thread 0x000000005792d000 nmethod 11324 0x0000000004a0f050 code [0x0000000004a0f2a0, 0x0000000004a0fd98]
Event: 245154.994 Thread 0x0000000057925800 nmethod 11323 0x0000000004a5d610 code [0x0000000004a5d780, 0x0000000004a5dfd8]
Event: 245155.000 Thread 0x000000005792b000 11325   !   4       org.springframework.core.type.filter.AbstractTypeHierarchyTraversingFilter::match (281 bytes)
Event: 245155.007 Thread 0x000000005792d000 11327       3       java.security.CodeSource::<init> (40 bytes)
Event: 245155.007 Thread 0x000000005792d000 nmethod 11327 0x000000000317ab90 code [0x000000000317ad00, 0x000000000317b108]
Event: 245155.007 Thread 0x000000005792d000 11326       3       org.springframework.boot.autoconfigure.condition.ConditionMessage$Style$1::applyToItem (2 bytes)
Event: 245155.007 Thread 0x000000005792d000 nmethod 11326 0x0000000002c67490 code [0x0000000002c675e0, 0x0000000002c67730]
Event: 245155.024 Thread 0x0000000057925800 11328       4       org.springframework.core.type.classreading.AnnotationMetadataReadingVisitor::getInterfaceNames (5 bytes)
Event: 245155.024 Thread 0x0000000057925800 nmethod 11328 0x0000000003995d50 code [0x0000000003995e80, 0x0000000003995ed8]
Event: 245155.036 Thread 0x0000000057925800 11329       4       org.springframework.asm.MethodVisitor::visitLdcInsn (87 bytes)

GC Heap History (10 events):
Event: 244903.619 GC heap before
{Heap before GC invocations=362 (full 9):
 PSYoungGen      total 28672K, used 28208K [0x00000000e0000000, 0x00000000ef800000, 0x0000000100000000)
  eden space 27648K, 100% used [0x00000000e0000000,0x00000000e1b00000,0x00000000e1b00000)
  from space 1024K, 54% used [0x00000000ef700000,0x00000000ef78c110,0x00000000ef800000)
  to   space 1024K, 0% used [0x00000000ef600000,0x00000000ef600000,0x00000000ef700000)
 ParOldGen       total 82432K, used 41294K [0x00000000a0000000, 0x00000000a5080000, 0x00000000e0000000)
  object space 82432K, 50% used [0x00000000a0000000,0x00000000a2853a60,0x00000000a5080000)
 Metaspace       used 66886K, capacity 70799K, committed 71088K, reserved 1112064K
  class space    used 8656K, capacity 9350K, committed 9392K, reserved 1048576K
Event: 244903.625 GC heap after
Heap after GC invocations=362 (full 9):
 PSYoungGen      total 28672K, used 528K [0x00000000e0000000, 0x00000000ef780000, 0x0000000100000000)
  eden space 27648K, 0% used [0x00000000e0000000,0x00000000e0000000,0x00000000e1b00000)
  from space 1024K, 51% used [0x00000000ef600000,0x00000000ef684110,0x00000000ef700000)
  to   space 512K, 0% used [0x00000000ef700000,0x00000000ef700000,0x00000000ef780000)
 ParOldGen       total 82432K, used 41294K [0x00000000a0000000, 0x00000000a5080000, 0x00000000e0000000)
  object space 82432K, 50% used [0x00000000a0000000,0x00000000a2853a60,0x00000000a5080000)
 Metaspace       used 66886K, capacity 70799K, committed 71088K, reserved 1112064K
  class space    used 8656K, capacity 9350K, committed 9392K, reserved 1048576K
}
Event: 245130.822 GC heap before
{Heap before GC invocations=363 (full 9):
 PSYoungGen      total 28672K, used 28176K [0x00000000e0000000, 0x00000000ef780000, 0x0000000100000000)
  eden space 27648K, 100% used [0x00000000e0000000,0x00000000e1b00000,0x00000000e1b00000)
  from space 1024K, 51% used [0x00000000ef600000,0x00000000ef684110,0x00000000ef700000)
  to   space 512K, 0% used [0x00000000ef700000,0x00000000ef700000,0x00000000ef780000)
 ParOldGen       total 82432K, used 41294K [0x00000000a0000000, 0x00000000a5080000, 0x00000000e0000000)
  object space 82432K, 50% used [0x00000000a0000000,0x00000000a2853a60,0x00000000a5080000)
 Metaspace       used 66886K, capacity 70799K, committed 71088K, reserved 1112064K
  class space    used 8656K, capacity 9350K, committed 9392K, reserved 1048576K
Event: 245130.835 GC heap after
Heap after GC invocations=363 (full 9):
 PSYoungGen      total 28160K, used 496K [0x00000000e0000000, 0x00000000ef780000, 0x0000000100000000)
  eden space 27648K, 0% used [0x00000000e0000000,0x00000000e0000000,0x00000000e1b00000)
  from space 512K, 96% used [0x00000000ef700000,0x00000000ef77c110,0x00000000ef780000)
  to   space 1024K, 0% used [0x00000000ef580000,0x00000000ef580000,0x00000000ef680000)
 ParOldGen       total 82432K, used 41318K [0x00000000a0000000, 0x00000000a5080000, 0x00000000e0000000)
  object space 82432K, 50% used [0x00000000a0000000,0x00000000a2859a60,0x00000000a5080000)
 Metaspace       used 66886K, capacity 70799K, committed 71088K, reserved 1112064K
  class space    used 8656K, capacity 9350K, committed 9392K, reserved 1048576K
}
Event: 245149.456 GC heap before
{Heap before GC invocations=364 (full 9):
 PSYoungGen      total 28160K, used 4463K [0x00000000e0000000, 0x00000000ef780000, 0x0000000100000000)
  eden space 27648K, 14% used [0x00000000e0000000,0x00000000e03dfbb0,0x00000000e1b00000)
  from space 512K, 96% used [0x00000000ef700000,0x00000000ef77c110,0x00000000ef780000)
  to   space 1024K, 0% used [0x00000000ef580000,0x00000000ef580000,0x00000000ef680000)
 ParOldGen       total 82432K, used 41318K [0x00000000a0000000, 0x00000000a5080000, 0x00000000e0000000)
  object space 82432K, 50% used [0x00000000a0000000,0x00000000a2859a60,0x00000000a5080000)
 Metaspace       used 66894K, capacity 70805K, committed 71088K, reserved 1112064K
  class space    used 8656K, capacity 9352K, committed 9392K, reserved 1048576K
Event: 245149.465 GC heap after
Heap after GC invocations=364 (full 9):
 PSYoungGen      total 28672K, used 304K [0x00000000e0000000, 0x00000000ef780000, 0x0000000100000000)
  eden space 27648K, 0% used [0x00000000e0000000,0x00000000e0000000,0x00000000e1b00000)
  from space 1024K, 29% used [0x00000000ef580000,0x00000000ef5cc030,0x00000000ef680000)
  to   space 1024K, 0% used [0x00000000ef680000,0x00000000ef680000,0x00000000ef780000)
 ParOldGen       total 82432K, used 41454K [0x00000000a0000000, 0x00000000a5080000, 0x00000000e0000000)
  object space 82432K, 50% used [0x00000000a0000000,0x00000000a287bac0,0x00000000a5080000)
 Metaspace       used 66894K, capacity 70805K, committed 71088K, reserved 1112064K
  class space    used 8656K, capacity 9352K, committed 9392K, reserved 1048576K
}
Event: 245149.466 GC heap before
{Heap before GC invocations=365 (full 10):
 PSYoungGen      total 28672K, used 304K [0x00000000e0000000, 0x00000000ef780000, 0x0000000100000000)
  eden space 27648K, 0% used [0x00000000e0000000,0x00000000e0000000,0x00000000e1b00000)
  from space 1024K, 29% used [0x00000000ef580000,0x00000000ef5cc030,0x00000000ef680000)
  to   space 1024K, 0% used [0x00000000ef680000,0x00000000ef680000,0x00000000ef780000)
 ParOldGen       total 82432K, used 41454K [0x00000000a0000000, 0x00000000a5080000, 0x00000000e0000000)
  object space 82432K, 50% used [0x00000000a0000000,0x00000000a287bac0,0x00000000a5080000)
 Metaspace       used 66894K, capacity 70805K, committed 71088K, reserved 1112064K
  class space    used 8656K, capacity 9352K, committed 9392K, reserved 1048576K
Event: 245154.802 GC heap after
Heap after GC invocations=365 (full 10):
 PSYoungGen      total 28672K, used 0K [0x00000000e0000000, 0x00000000ef780000, 0x0000000100000000)
  eden space 27648K, 0% used [0x00000000e0000000,0x00000000e0000000,0x00000000e1b00000)
  from space 1024K, 0% used [0x00000000ef580000,0x00000000ef580000,0x00000000ef680000)
  to   space 1024K, 0% used [0x00000000ef680000,0x00000000ef680000,0x00000000ef780000)
 ParOldGen       total 82432K, used 31108K [0x00000000a0000000, 0x00000000a5080000, 0x00000000e0000000)
  object space 82432K, 37% used [0x00000000a0000000,0x00000000a1e611b8,0x00000000a5080000)
 Metaspace       used 66526K, capacity 70067K, committed 71088K, reserved 1112064K
  class space    used 8588K, capacity 9228K, committed 9392K, reserved 1048576K
}
Event: 245155.061 GC heap before
{Heap before GC invocations=366 (full 10):
 PSYoungGen      total 28672K, used 27648K [0x00000000e0000000, 0x00000000ef780000, 0x0000000100000000)
  eden space 27648K, 100% used [0x00000000e0000000,0x00000000e1b00000,0x00000000e1b00000)
  from space 1024K, 0% used [0x00000000ef580000,0x00000000ef580000,0x00000000ef680000)
  to   space 1024K, 0% used [0x00000000ef680000,0x00000000ef680000,0x00000000ef780000)
 ParOldGen       total 82432K, used 31108K [0x00000000a0000000, 0x00000000a5080000, 0x00000000e0000000)
  object space 82432K, 37% used [0x00000000a0000000,0x00000000a1e611b8,0x00000000a5080000)
 Metaspace       used 66581K, capacity 70207K, committed 71088K, reserved 1112064K
  class space    used 8599K, capacity 9243K, committed 9392K, reserved 1048576K
Event: 245155.074 GC heap after
Heap after GC invocations=366 (full 10):
 PSYoungGen      total 29184K, used 1024K [0x00000000e0000000, 0x00000000ef780000, 0x0000000100000000)
  eden space 28160K, 0% used [0x00000000e0000000,0x00000000e0000000,0x00000000e1b80000)
  from space 1024K, 100% used [0x00000000ef680000,0x00000000ef780000,0x00000000ef780000)
  to   space 1536K, 0% used [0x00000000ef480000,0x00000000ef480000,0x00000000ef600000)
 ParOldGen       total 82432K, used 32167K [0x00000000a0000000, 0x00000000a5080000, 0x00000000e0000000)
  object space 82432K, 39% used [0x00000000a0000000,0x00000000a1f69e00,0x00000000a5080000)
 Metaspace       used 66581K, capacity 70207K, committed 71088K, reserved 1112064K
  class space    used 8599K, capacity 9243K, committed 9392K, reserved 1048576K
}

Deoptimization events (10 events):
Event: 245147.620 Thread 0x000000005a1c8000 Uncommon trap: reason=unstable_if action=reinterpret pc=0x0000000003a64804 method=java.io.File.listFiles()[Ljava/io/File; @ 6
Event: 245147.620 Thread 0x0000000059862000 Uncommon trap: reason=unstable_if action=reinterpret pc=0x0000000003a64804 method=java.io.File.listFiles()[Ljava/io/File; @ 6
Event: 245147.620 Thread 0x0000000059866800 Uncommon trap: reason=unstable_if action=reinterpret pc=0x0000000003a64804 method=java.io.File.listFiles()[Ljava/io/File; @ 6
Event: 245148.025 Thread 0x0000000059866800 Uncommon trap: reason=unstable_if action=reinterpret pc=0x0000000003e2b3d8 method=org.springframework.boot.devtools.filewatch.FileSystemWatcher$Watcher.scan()V @ 37
Event: 245148.025 Thread 0x0000000059862000 Uncommon trap: reason=unstable_if action=reinterpret pc=0x0000000003e2b3d8 method=org.springframework.boot.devtools.filewatch.FileSystemWatcher$Watcher.scan()V @ 37
Event: 245148.025 Thread 0x000000005a1c8000 Uncommon trap: reason=unstable_if action=reinterpret pc=0x0000000003e2b3d8 method=org.springframework.boot.devtools.filewatch.FileSystemWatcher$Watcher.scan()V @ 37
Event: 245148.029 Thread 0x0000000059862000 Uncommon trap: reason=unstable_if action=reinterpret pc=0x00000000037e5668 method=java.io.File.listFiles()[Ljava/io/File; @ 6
Event: 245149.362 Thread 0x000000005d987000 Uncommon trap: reason=unstable_if action=reinterpret pc=0x0000000003e33d4c method=org.apache.tomcat.util.net.NioEndpoint$Poller.run()V @ 73
Event: 245149.364 Thread 0x000000005d986000 Uncommon trap: reason=unstable_if action=reinterpret pc=0x0000000003e33d4c method=org.apache.tomcat.util.net.NioEndpoint$Poller.run()V @ 73
Event: 245149.412 Thread 0x000000005a1c7000 Uncommon trap: reason=unstable_if action=reinterpret pc=0x0000000003e38390 method=org.apache.tomcat.util.net.NioBlockingSelector$BlockPoller.run()V @ 68

Internal exceptions (10 events):
Event: 245154.866 Thread 0x0000000059864800 Exception <a 'java/io/IOException'> (0x00000000e04e2238) thrown at [C:\re\workspace\8-2-build-windows-amd64-cygwin\jdk8u144\9417\hotspot\src\share\vm\prims\jni.cpp, line 709]
Event: 245154.866 Thread 0x0000000059864800 Exception <a 'java/io/IOException'> (0x00000000e04e2878) thrown at [C:\re\workspace\8-2-build-windows-amd64-cygwin\jdk8u144\9417\hotspot\src\share\vm\prims\jni.cpp, line 709]
Event: 245154.866 Thread 0x0000000059864800 Exception <a 'java/io/IOException'> (0x00000000e04e2b08) thrown at [C:\re\workspace\8-2-build-windows-amd64-cygwin\jdk8u144\9417\hotspot\src\share\vm\prims\jni.cpp, line 709]
Event: 245154.866 Thread 0x0000000059864800 Exception <a 'java/io/IOException'> (0x00000000e04e2d68) thrown at [C:\re\workspace\8-2-build-windows-amd64-cygwin\jdk8u144\9417\hotspot\src\share\vm\prims\jni.cpp, line 709]
Event: 245154.866 Thread 0x0000000059864800 Exception <a 'java/io/IOException'> (0x00000000e04e2ff8) thrown at [C:\re\workspace\8-2-build-windows-amd64-cygwin\jdk8u144\9417\hotspot\src\share\vm\prims\jni.cpp, line 709]
Event: 245154.866 Thread 0x0000000059864800 Exception <a 'java/io/IOException'> (0x00000000e04e3258) thrown at [C:\re\workspace\8-2-build-windows-amd64-cygwin\jdk8u144\9417\hotspot\src\share\vm\prims\jni.cpp, line 709]
Event: 245154.878 Thread 0x0000000059864800 Exception <a 'java/io/IOException'> (0x00000000e052abc0) thrown at [C:\re\workspace\8-2-build-windows-amd64-cygwin\jdk8u144\9417\hotspot\src\share\vm\prims\jni.cpp, line 709]
Event: 245154.878 Thread 0x0000000059864800 Exception <a 'java/io/IOException'> (0x00000000e052ae20) thrown at [C:\re\workspace\8-2-build-windows-amd64-cygwin\jdk8u144\9417\hotspot\src\share\vm\prims\jni.cpp, line 709]
Event: 245154.878 Thread 0x0000000059864800 Exception <a 'java/io/IOException'> (0x00000000e052e208) thrown at [C:\re\workspace\8-2-build-windows-amd64-cygwin\jdk8u144\9417\hotspot\src\share\vm\prims\jni.cpp, line 709]
Event: 245154.878 Thread 0x0000000059864800 Exception <a 'java/io/IOException'> (0x00000000e052e468) thrown at [C:\re\workspace\8-2-build-windows-amd64-cygwin\jdk8u144\9417\hotspot\src\share\vm\prims\jni.cpp, line 709]

Events (10 events):
Event: 245155.086 loading class com/github/benmanes/caffeine/cache/Caffeine
Event: 245155.086 loading class com/github/benmanes/caffeine/cache/Caffeine done
Event: 245155.087 loading class org/springframework/cache/caffeine/CaffeineCacheManager
Event: 245155.087 loading class org/springframework/cache/caffeine/CaffeineCacheManager done
Event: 245155.094 loading class org/joda/time/DateTime
Event: 245155.094 loading class org/joda/time/DateTime done
Event: 245155.094 loading class com/fasterxml/jackson/datatype/joda/ser/DateTimeSerializer
Event: 245155.094 loading class com/fasterxml/jackson/datatype/joda/ser/DateTimeSerializer done
Event: 245155.094 loading class com/fasterxml/jackson/datatype/joda/cfg/JacksonJodaDateFormat
Event: 245155.094 loading class com/fasterxml/jackson/datatype/joda/cfg/JacksonJodaDateFormat done


Dynamic libraries:
0x000000013f3b0000 - 0x000000013f3e7000 	C:\Program Files\Java\jdk1.8.0_144\bin\javaw.exe
0x00000000776f0000 - 0x0000000077899000 	C:\Windows\SYSTEM32\ntdll.dll
0x00000000775d0000 - 0x00000000776ef000 	C:\Windows\system32\kernel32.dll
0x000007fefd940000 - 0x000007fefd9ab000 	C:\Windows\system32\KERNELBASE.dll
0x000007fefe280000 - 0x000007fefe35b000 	C:\Windows\system32\ADVAPI32.dll
0x000007feff750000 - 0x000007feff7ef000 	C:\Windows\system32\msvcrt.dll
0x000007feff980000 - 0x000007feff99f000 	C:\Windows\SYSTEM32\sechost.dll
0x000007fefdcc0000 - 0x000007fefdded000 	C:\Windows\system32\RPCRT4.dll
0x00000000774d0000 - 0x00000000775ca000 	C:\Windows\system32\USER32.dll
0x000007fefe100000 - 0x000007fefe167000 	C:\Windows\system32\GDI32.dll
0x000007fefde40000 - 0x000007fefde4e000 	C:\Windows\system32\LPK.dll
0x000007fefe610000 - 0x000007fefe6d9000 	C:\Windows\system32\USP10.dll
0x000007fefc110000 - 0x000007fefc304000 	C:\Windows\WinSxS\amd64_microsoft.windows.common-controls_6595b64144ccf1df_6.0.7601.17514_none_fa396087175ac9ac\COMCTL32.dll
0x000007feff7f0000 - 0x000007feff861000 	C:\Windows\system32\SHLWAPI.dll
0x000007fefe030000 - 0x000007fefe05e000 	C:\Windows\system32\IMM32.DLL
0x000007feff870000 - 0x000007feff979000 	C:\Windows\system32\MSCTF.dll
0x0000000075010000 - 0x00000000750e2000 	C:\Program Files\Java\jdk1.8.0_144\jre\bin\msvcr100.dll
0x000000006c4f0000 - 0x000000006cd8d000 	C:\Program Files\Java\jdk1.8.0_144\jre\bin\server\jvm.dll
0x000007fefb300000 - 0x000007fefb309000 	C:\Windows\system32\WSOCK32.dll
0x000007fefddf0000 - 0x000007fefde3d000 	C:\Windows\system32\WS2_32.dll
0x000007fefe190000 - 0x000007fefe198000 	C:\Windows\system32\NSI.dll
0x000007fefb6b0000 - 0x000007fefb6eb000 	C:\Windows\system32\WINMM.dll
0x000007fefc7a0000 - 0x000007fefc7ac000 	C:\Windows\system32\VERSION.dll
0x00000000778b0000 - 0x00000000778b7000 	C:\Windows\system32\PSAPI.DLL
0x00000000751c0000 - 0x00000000751cf000 	C:\Program Files\Java\jdk1.8.0_144\jre\bin\verify.dll
0x0000000075190000 - 0x00000000751b9000 	C:\Program Files\Java\jdk1.8.0_144\jre\bin\java.dll
0x0000000075170000 - 0x0000000075186000 	C:\Program Files\Java\jdk1.8.0_144\jre\bin\zip.dll
0x000007fefe760000 - 0x000007feff4e8000 	C:\Windows\system32\SHELL32.dll
0x000007fefdab0000 - 0x000007fefdcb3000 	C:\Windows\system32\ole32.dll
0x000007fefd640000 - 0x000007fefd64f000 	C:\Windows\system32\profapi.dll
0x0000000075160000 - 0x000000007516d000 	C:\Program Files\Java\jdk1.8.0_144\jre\bin\management.dll
0x0000000075140000 - 0x000000007515a000 	C:\Program Files\Java\jdk1.8.0_144\jre\bin\net.dll
0x000007fefce70000 - 0x000007fefcec5000 	C:\Windows\system32\mswsock.dll
0x000007fefce60000 - 0x000007fefce67000 	C:\Windows\System32\wship6.dll
0x000007fefb660000 - 0x000007fefb675000 	C:\Windows\system32\NLAapi.dll
0x000007fef6620000 - 0x000007fef6635000 	C:\Windows\system32\napinsp.dll
0x000007fef65c0000 - 0x000007fef65d9000 	C:\Windows\system32\pnrpnsp.dll
0x000007fefccf0000 - 0x000007fefcd4b000 	C:\Windows\system32\DNSAPI.dll
0x000007fef65b0000 - 0x000007fef65bb000 	C:\Windows\System32\winrnr.dll
0x000007fefc870000 - 0x000007fefc877000 	C:\Windows\System32\wshtcpip.dll
0x000007fefb070000 - 0x000007fefb097000 	C:\Windows\system32\IPHLPAPI.DLL
0x000007fefb060000 - 0x000007fefb06b000 	C:\Windows\system32\WINNSI.DLL
0x000007fef66e0000 - 0x000007fef66e8000 	C:\Windows\system32\rasadhlp.dll
0x000007fefaf60000 - 0x000007fefafb3000 	C:\Windows\System32\fwpuclnt.dll
0x0000000075120000 - 0x0000000075131000 	C:\Program Files\Java\jdk1.8.0_144\jre\bin\nio.dll
0x000007fefced0000 - 0x000007fefcee7000 	C:\Windows\system32\CRYPTSP.dll
0x000007fefcbd0000 - 0x000007fefcc17000 	C:\Windows\system32\rsaenh.dll
0x000007fefc980000 - 0x000007fefc99e000 	C:\Windows\system32\USERENV.dll
0x000007fefd530000 - 0x000007fefd53f000 	C:\Windows\system32\CRYPTBASE.dll
0x000007fefaef0000 - 0x000007fefaf01000 	C:\Windows\system32\dhcpcsvc6.DLL
0x000007fefaed0000 - 0x000007fefaee8000 	C:\Windows\system32\dhcpcsvc.DLL

VM Arguments:
jvm_args: -Dfile.encoding=UTF-8 
java_command: com.fse.TaskManagerApplication
java_class_path (initial): C:\FSE\Mid\TaskManager\TaskManager\target\classes;C:\Users\Admin\.m2\repository\org\springframework\boot\spring-boot-starter-data-jpa\2.1.3.RELEASE\spring-boot-starter-data-jpa-2.1.3.RELEASE.jar;C:\Users\Admin\.m2\repository\org\springframework\boot\spring-boot-starter-aop\2.1.3.RELEASE\spring-boot-starter-aop-2.1.3.RELEASE.jar;C:\Users\Admin\.m2\repository\org\springframework\spring-aop\5.1.5.RELEASE\spring-aop-5.1.5.RELEASE.jar;C:\Users\Admin\.m2\repository\org\aspectj\aspectjweaver\1.9.2\aspectjweaver-1.9.2.jar;C:\Users\Admin\.m2\repository\org\springframework\boot\spring-boot-starter-jdbc\2.1.3.RELEASE\spring-boot-starter-jdbc-2.1.3.RELEASE.jar;C:\Users\Admin\.m2\repository\com\zaxxer\HikariCP\3.2.0\HikariCP-3.2.0.jar;C:\Users\Admin\.m2\repository\org\springframework\spring-jdbc\5.1.5.RELEASE\spring-jdbc-5.1.5.RELEASE.jar;C:\Users\Admin\.m2\repository\javax\transaction\javax.transaction-api\1.3\javax.transaction-api-1.3.jar;C:\Users\Admin\.m2\repository\javax\xml\bind\jaxb-api\2.3.1\jaxb-api-2.3.1.jar;C:\Users\Admin\.m2\repository\javax\activation\javax.activation-api\1.2.0\javax.activation-api-1.2.0.jar;C:\Users\Admin\.m2\repository\org\hibernate\hibernate-core\5.3.7.Final\hibernate-core-5.3.7.Final.jar;C:\Users\Admin\.m2\repository\org\jboss\logging\jboss-logging\3.3.2.Final\jboss-logging-3.3.2.Final.jar;C:\Users\Admin\.m2\repository\javax\persistence\javax.persistence-api\2.2\javax.persistence-api-2.2.jar;C:\Users\Admin\.m2\repository\org\javassist\javassist\3.23.1-GA\javassist-3.23.1-GA.jar;C:\Users\Admin\.m2\repository\net\bytebuddy\byte-buddy\1.9.10\byte-buddy-1.9.10.jar;C:\Users\Admin\.m2\repository\antlr\antlr\2.7.7\antlr-2.7.7.jar;C:\Users\Admin\.m2\repository\org\jboss\jandex\2.0.5.Final\jandex-2.0.5.Final.jar;C:\Users\Admin\.m2\repository\com\fasterxml\classmate\1.4.0\classmate-1.4.0.jar;C:\Users\Admin\.m2\repository\org\dom4j\dom4j\2.1.1\dom4j-2.1.1.jar;C:\Users\Admin\.m2\repository\org\hibernate\common\hibernate-commons-
Launcher Type: SUN_STANDARD

Environment Variables:
PATH=C:/Program Files/Java/jre1.8.0_144/bin/server;C:/Program Files/Java/jre1.8.0_144/bin;C:/Program Files/Java/jre1.8.0_144/lib/amd64;C:\ProgramData\Oracle\Java\javapath;C:\Windows\system32;C:\Windows;C:\Windows\System32\Wbem;C:\Windows\System32\WindowsPowerShell\v1.0\;C:\Program Files\Git\cmd;C:\Program Files (x86)\MySQL\MySQL Fabric 1.5 & MySQL Utilities 1.5\;C:\Program Files (x86)\MySQL\MySQL Fabric 1.5 & MySQL Utilities 1.5\Doctrine extensions for PHP\;C:\Program Files\nodejs\;C:\java cognizant\apache-maven-3.5.0-bin\apache-maven-3.5.0/bin;C:\FSE\docker-17.06.0-ce\docker;C:\Program Files\Microsoft VS Code\bin;C:\Program Files\Microsoft VS Code\bin;C:\Users\Admin\AppData\Roaming\npm;C:\java cognizant\eclipse-java-oxygen-R-win32-x86_64\eclipse;
USERNAME=Admin
OS=Windows_NT
PROCESSOR_IDENTIFIER=Intel64 Family 6 Model 85 Stepping 4, GenuineIntel



---------------  S Y S T E M  ---------------

OS: Windows 7 , 64 bit Build 7601 (6.1.7601.17514)

CPU:total 4 (initial active 4) (4 cores per cpu, 1 threads per core) family 6 model 85 stepping 4, cmov, cx8, fxsr, mmx, sse, sse2, sse3, ssse3, sse4.1, sse4.2, popcnt, avx, avx2, aes, clmul, erms, rtm, 3dnowpref, lzcnt, tsc, bmi1, bmi2

Memory: 4k page, physical 6291000k(259948k free), swap 18872068k(4072k free)

vm_info: Java HotSpot(TM) 64-Bit Server VM (25.144-b01) for windows-amd64 JRE (1.8.0_144-b01), built on Jul 21 2017 21:57:33 by "java_re" with MS VC++ 10.0 (VS2010)

time: Sat Apr 27 09:17:02 2019
elapsed time: 245155 seconds (2d 20h 5m 55s)

