2019-05-10 15:24:24,012 INFO o.a.j.u.JMeterUtils: Setting Locale to en_EN
2019-05-10 15:24:24,031 INFO o.a.j.JMeter: Loading user properties from: C:\apache-jmeter-5.1.1\apache-jmeter-5.1.1\bin\user.properties
2019-05-10 15:24:24,032 INFO o.a.j.JMeter: Loading system properties from: C:\apache-jmeter-5.1.1\apache-jmeter-5.1.1\bin\system.properties
2019-05-10 15:24:24,037 INFO o.a.j.JMeter: Copyright (c) 1998-2019 The Apache Software Foundation
2019-05-10 15:24:24,037 INFO o.a.j.JMeter: Version 5.1.1 r1855137
2019-05-10 15:24:24,037 INFO o.a.j.JMeter: java.version=1.8.0_144
2019-05-10 15:24:24,037 INFO o.a.j.JMeter: java.vm.name=Java HotSpot(TM) 64-Bit Server VM
2019-05-10 15:24:24,037 INFO o.a.j.JMeter: os.name=Windows 7
2019-05-10 15:24:24,037 INFO o.a.j.JMeter: os.arch=amd64
2019-05-10 15:24:24,037 INFO o.a.j.JMeter: os.version=6.1
2019-05-10 15:24:24,037 INFO o.a.j.JMeter: file.encoding=Cp1252
2019-05-10 15:24:24,037 INFO o.a.j.JMeter: java.awt.headless=null
2019-05-10 15:24:24,037 INFO o.a.j.JMeter: Max memory     =1073741824
2019-05-10 15:24:24,037 INFO o.a.j.JMeter: Available Processors =4
2019-05-10 15:24:24,041 INFO o.a.j.JMeter: Default Locale=English (EN)
2019-05-10 15:24:24,041 INFO o.a.j.JMeter: JMeter  Locale=English (EN)
2019-05-10 15:24:24,041 INFO o.a.j.JMeter: JMeterHome=C:\apache-jmeter-5.1.1\apache-jmeter-5.1.1
2019-05-10 15:24:24,041 INFO o.a.j.JMeter: user.dir  =C:\FSE\Mid\TaskManager\TaskManager
2019-05-10 15:24:24,041 INFO o.a.j.JMeter: PWD       =C:\FSE\Mid\TaskManager\TaskManager
2019-05-10 15:24:24,044 INFO o.a.j.JMeter: IP: 172.18.2.169 Name: Javafs FullName: 172.18.2.169
2019-05-10 15:24:24,185 INFO o.a.j.g.a.LookAndFeelCommand: Installing Darcula LAF
2019-05-10 15:24:24,203 INFO o.a.j.g.a.LookAndFeelCommand: Using look and feel: com.bulenkov.darcula.DarculaLaf [Darcula]
2019-05-10 15:24:24,206 INFO o.a.j.JMeter: Setting LAF to: com.bulenkov.darcula.DarculaLaf
2019-05-10 15:24:24,247 INFO o.a.j.JMeter: Loaded icon properties from org/apache/jmeter/images/icon.properties
2019-05-10 15:24:25,450 INFO o.a.j.p.h.s.HTTPSamplerBase: Parser for text/html is org.apache.jmeter.protocol.http.parser.LagartoBasedHtmlParser
2019-05-10 15:24:25,450 INFO o.a.j.p.h.s.HTTPSamplerBase: Parser for application/xhtml+xml is org.apache.jmeter.protocol.http.parser.LagartoBasedHtmlParser
2019-05-10 15:24:25,450 INFO o.a.j.p.h.s.HTTPSamplerBase: Parser for application/xml is org.apache.jmeter.protocol.http.parser.LagartoBasedHtmlParser
2019-05-10 15:24:25,450 INFO o.a.j.p.h.s.HTTPSamplerBase: Parser for text/xml is org.apache.jmeter.protocol.http.parser.LagartoBasedHtmlParser
2019-05-10 15:24:25,451 INFO o.a.j.p.h.s.HTTPSamplerBase: Parser for text/vnd.wap.wml is org.apache.jmeter.protocol.http.parser.RegexpHTMLParser
2019-05-10 15:24:25,451 INFO o.a.j.p.h.s.HTTPSamplerBase: Parser for text/css is org.apache.jmeter.protocol.http.parser.CssParser
2019-05-10 15:24:25,746 INFO o.a.j.e.KeyToolUtils: keytool found at 'keytool'
2019-05-10 15:24:25,747 INFO o.a.j.p.h.p.ProxyControl: HTTP(S) Test Script Recorder SSL Proxy will use keys that support embedded 3rd party resources in file C:\apache-jmeter-5.1.1\apache-jmeter-5.1.1\bin\proxyserver.jks
2019-05-10 15:24:25,857 INFO o.a.j.s.FileServer: Default base='C:\FSE\Mid\TaskManager\TaskManager'
2019-05-10 15:24:26,177 INFO o.a.j.s.SampleResult: Note: Sample TimeStamps are START times
2019-05-10 15:24:26,178 INFO o.a.j.s.SampleResult: sampleresult.default.encoding is set to ISO-8859-1
2019-05-10 15:24:26,178 INFO o.a.j.s.SampleResult: sampleresult.useNanoTime=true
2019-05-10 15:24:26,178 INFO o.a.j.s.SampleResult: sampleresult.nanoThreadSleep=5000
2019-05-10 15:24:32,990 INFO o.a.j.g.a.Load: Loading file: C:\FSE\Mid\TaskManager\TaskManager\JUnit Request.jmx
2019-05-10 15:24:32,990 INFO o.a.j.s.FileServer: Set new base='C:\FSE\Mid\TaskManager\TaskManager'
2019-05-10 15:24:33,555 INFO o.a.j.s.SaveService: Testplan (JMX) version: 2.2. Testlog (JTL) version: 2.2
2019-05-10 15:24:33,577 INFO o.a.j.s.SaveService: Using SaveService properties file encoding UTF-8
2019-05-10 15:24:33,579 INFO o.a.j.s.SaveService: Using SaveService properties version 5.0
2019-05-10 15:24:33,581 INFO o.a.j.s.SaveService: Loading file: C:\FSE\Mid\TaskManager\TaskManager\JUnit Request.jmx
2019-05-10 15:24:33,833 INFO o.a.j.s.FileServer: Set new base='C:\FSE\Mid\TaskManager\TaskManager'
